09:54:01,547 DEBUG StandardEnvironment:114 - Initializing new StandardEnvironment
09:54:01,547 DEBUG StandardEnvironment:103 - Adding [systemProperties] PropertySource with lowest search precedence
09:54:01,547 DEBUG StandardEnvironment:103 - Adding [systemEnvironment] PropertySource with lowest search precedence
09:54:01,547 DEBUG StandardEnvironment:120 - Initialized StandardEnvironment with PropertySources [systemProperties,systemEnvironment]
09:54:01,547 DEBUG StandardEnvironment:114 - Initializing new StandardEnvironment
09:54:01,547 DEBUG StandardEnvironment:103 - Adding [systemProperties] PropertySource with lowest search precedence
09:54:01,547 DEBUG StandardEnvironment:103 - Adding [systemEnvironment] PropertySource with lowest search precedence
09:54:01,563 DEBUG StandardEnvironment:120 - Initialized StandardEnvironment with PropertySources [systemProperties,systemEnvironment]
09:54:01,563 DEBUG DefaultListableBeanFactory:458 - Finished creating instance of bean 'org.springframework.web.servlet.resource.ResourceHttpRequestHandler#0'
09:54:01,563 DEBUG DefaultListableBeanFactory:217 - Creating shared instance of singleton bean 'org.springframework.web.servlet.handler.SimpleUrlHandlerMapping#0'
09:54:01,563 DEBUG DefaultListableBeanFactory:430 - Creating instance of bean 'org.springframework.web.servlet.handler.SimpleUrlHandlerMapping#0'
09:54:01,563 DEBUG DefaultListableBeanFactory:504 - Eagerly caching bean 'org.springframework.web.servlet.handler.SimpleUrlHandlerMapping#0' to allow for resolving potential circular references
09:54:01,563 DEBUG DefaultListableBeanFactory:245 - Returning cached instance of singleton bean 'org.springframework.web.servlet.handler.MappedInterceptor#0'
09:54:01,563 DEBUG DefaultListableBeanFactory:245 - Returning cached instance of singleton bean 'org.springframework.web.servlet.resource.ResourceHttpRequestHandler#0'
09:54:01,563  INFO SimpleUrlHandlerMapping:314 - Mapped URL path [/admin/assets/**] onto handler 'org.springframework.web.servlet.resource.ResourceHttpRequestHandler#0'
09:54:01,563 DEBUG DefaultListableBeanFactory:458 - Finished creating instance of bean 'org.springframework.web.servlet.handler.SimpleUrlHandlerMapping#0'
09:54:01,563 DEBUG DefaultListableBeanFactory:217 - Creating shared instance of singleton bean 'org.springframework.web.servlet.resource.ResourceHttpRequestHandler#1'
09:54:01,563 DEBUG DefaultListableBeanFactory:430 - Creating instance of bean 'org.springframework.web.servlet.resource.ResourceHttpRequestHandler#1'
09:54:01,563 DEBUG DefaultListableBeanFactory:504 - Eagerly caching bean 'org.springframework.web.servlet.resource.ResourceHttpRequestHandler#1' to allow for resolving potential circular references
09:54:01,563 DEBUG StandardEnvironment:114 - Initializing new StandardEnvironment
09:54:01,563 DEBUG StandardEnvironment:103 - Adding [systemProperties] PropertySource with lowest search precedence
09:54:01,563 DEBUG StandardEnvironment:103 - Adding [systemEnvironment] PropertySource with lowest search precedence
09:54:01,563 DEBUG StandardEnvironment:120 - Initialized StandardEnvironment with PropertySources [systemProperties,systemEnvironment]
09:54:01,563 DEBUG StandardEnvironment:114 - Initializing new StandardEnvironment
09:54:01,563 DEBUG StandardEnvironment:103 - Adding [systemProperties] PropertySource with lowest search precedence
09:54:01,563 DEBUG StandardEnvironment:103 - Adding [systemEnvironment] PropertySource with lowest search precedence
09:54:01,563 DEBUG StandardEnvironment:120 - Initialized StandardEnvironment with PropertySources [systemProperties,systemEnvironment]
09:54:01,563 DEBUG StandardEnvironment:114 - Initializing new StandardEnvironment
09:54:01,563 DEBUG StandardEnvironment:103 - Adding [systemProperties] PropertySource with lowest search precedence
09:54:01,563 DEBUG StandardEnvironment:103 - Adding [systemEnvironment] PropertySource with lowest search precedence
09:54:01,563 DEBUG StandardEnvironment:120 - Initialized StandardEnvironment with PropertySources [systemProperties,systemEnvironment]
09:54:01,563 DEBUG StandardEnvironment:114 - Initializing new StandardEnvironment
09:54:01,563 DEBUG StandardEnvironment:103 - Adding [systemProperties] PropertySource with lowest search precedence
09:54:01,563 DEBUG StandardEnvironment:103 - Adding [systemEnvironment] PropertySource with lowest search precedence
09:54:01,563 DEBUG StandardEnvironment:120 - Initialized StandardEnvironment with PropertySources [systemProperties,systemEnvironment]
09:54:01,563 DEBUG StandardEnvironment:114 - Initializing new StandardEnvironment
09:54:01,563 DEBUG StandardEnvironment:103 - Adding [systemProperties] PropertySource with lowest search precedence
09:54:01,563 DEBUG StandardEnvironment:103 - Adding [systemEnvironment] PropertySource with lowest search precedence
09:54:01,563 DEBUG StandardEnvironment:120 - Initialized StandardEnvironment with PropertySources [systemProperties,systemEnvironment]
09:54:01,563 DEBUG DefaultListableBeanFactory:458 - Finished creating instance of bean 'org.springframework.web.servlet.resource.ResourceHttpRequestHandler#1'
09:54:01,563 DEBUG DefaultListableBeanFactory:217 - Creating shared instance of singleton bean 'org.springframework.web.servlet.handler.SimpleUrlHandlerMapping#1'
09:54:01,563 DEBUG DefaultListableBeanFactory:430 - Creating instance of bean 'org.springframework.web.servlet.handler.SimpleUrlHandlerMapping#1'
09:54:01,563 DEBUG DefaultListableBeanFactory:504 - Eagerly caching bean 'org.springframework.web.servlet.handler.SimpleUrlHandlerMapping#1' to allow for resolving potential circular references
09:54:01,563 DEBUG DefaultListableBeanFactory:245 - Returning cached instance of singleton bean 'org.springframework.web.servlet.handler.MappedInterceptor#0'
09:54:01,563 DEBUG DefaultListableBeanFactory:245 - Returning cached instance of singleton bean 'org.springframework.web.servlet.resource.ResourceHttpRequestHandler#1'
09:54:01,563  INFO SimpleUrlHandlerMapping:314 - Mapped URL path [/admin/assets/**] onto handler 'org.springframework.web.servlet.resource.ResourceHttpRequestHandler#1'
09:54:01,563 DEBUG DefaultListableBeanFactory:458 - Finished creating instance of bean 'org.springframework.web.servlet.handler.SimpleUrlHandlerMapping#1'
09:54:01,563 DEBUG DefaultListableBeanFactory:217 - Creating shared instance of singleton bean 'org.springframework.web.servlet.resource.ResourceHttpRequestHandler#2'
09:54:01,563 DEBUG DefaultListableBeanFactory:430 - Creating instance of bean 'org.springframework.web.servlet.resource.ResourceHttpRequestHandler#2'
09:54:01,563 DEBUG DefaultListableBeanFactory:504 - Eagerly caching bean 'org.springframework.web.servlet.resource.ResourceHttpRequestHandler#2' to allow for resolving potential circular references
09:54:01,563 DEBUG StandardEnvironment:114 - Initializing new StandardEnvironment
09:54:01,563 DEBUG StandardEnvironment:103 - Adding [systemProperties] PropertySource with lowest search precedence
09:54:01,563 DEBUG StandardEnvironment:103 - Adding [systemEnvironment] PropertySource with lowest search precedence
09:54:01,563 DEBUG StandardEnvironment:120 - Initialized StandardEnvironment with PropertySources [systemProperties,systemEnvironment]
09:54:01,563 DEBUG StandardEnvironment:114 - Initializing new StandardEnvironment
09:54:01,563 DEBUG StandardEnvironment:103 - Adding [systemProperties] PropertySource with lowest search precedence
09:54:01,563 DEBUG StandardEnvironment:103 - Adding [systemEnvironment] PropertySource with lowest search precedence
09:54:01,563 DEBUG StandardEnvironment:120 - Initialized StandardEnvironment with PropertySources [systemProperties,systemEnvironment]
09:54:01,563 DEBUG StandardEnvironment:114 - Initializing new StandardEnvironment
09:54:01,563 DEBUG StandardEnvironment:103 - Adding [systemProperties] PropertySource with lowest search precedence
09:54:01,563 DEBUG StandardEnvironment:103 - Adding [systemEnvironment] PropertySource with lowest search precedence
09:54:01,563 DEBUG StandardEnvironment:120 - Initialized StandardEnvironment with PropertySources [systemProperties,systemEnvironment]
09:54:01,563 DEBUG StandardEnvironment:114 - Initializing new StandardEnvironment
09:54:01,563 DEBUG StandardEnvironment:103 - Adding [systemProperties] PropertySource with lowest search precedence
09:54:01,563 DEBUG StandardEnvironment:103 - Adding [systemEnvironment] PropertySource with lowest search precedence
09:54:01,563 DEBUG StandardEnvironment:120 - Initialized StandardEnvironment with PropertySources [systemProperties,systemEnvironment]
09:54:01,563 DEBUG StandardEnvironment:114 - Initializing new StandardEnvironment
09:54:01,563 DEBUG StandardEnvironment:103 - Adding [systemProperties] PropertySource with lowest search precedence
09:54:01,563 DEBUG StandardEnvironment:103 - Adding [systemEnvironment] PropertySource with lowest search precedence
09:54:01,563 DEBUG StandardEnvironment:120 - Initialized StandardEnvironment with PropertySources [systemProperties,systemEnvironment]
09:54:01,563 DEBUG DefaultListableBeanFactory:458 - Finished creating instance of bean 'org.springframework.web.servlet.resource.ResourceHttpRequestHandler#2'
09:54:01,563 DEBUG DefaultListableBeanFactory:217 - Creating shared instance of singleton bean 'org.springframework.web.servlet.handler.SimpleUrlHandlerMapping#2'
09:54:01,563 DEBUG DefaultListableBeanFactory:430 - Creating instance of bean 'org.springframework.web.servlet.handler.SimpleUrlHandlerMapping#2'
09:54:01,563 DEBUG DefaultListableBeanFactory:504 - Eagerly caching bean 'org.springframework.web.servlet.handler.SimpleUrlHandlerMapping#2' to allow for resolving potential circular references
09:54:01,579 DEBUG DefaultListableBeanFactory:245 - Returning cached instance of singleton bean 'org.springframework.web.servlet.handler.MappedInterceptor#0'
09:54:01,579 DEBUG DefaultListableBeanFactory:245 - Returning cached instance of singleton bean 'org.springframework.web.servlet.resource.ResourceHttpRequestHandler#2'
09:54:01,579  INFO SimpleUrlHandlerMapping:314 - Mapped URL path [/admin/assets/**] onto handler 'org.springframework.web.servlet.resource.ResourceHttpRequestHandler#2'
09:54:01,579 DEBUG DefaultListableBeanFactory:458 - Finished creating instance of bean 'org.springframework.web.servlet.handler.SimpleUrlHandlerMapping#2'
09:54:01,579 DEBUG DefaultListableBeanFactory:217 - Creating shared instance of singleton bean 'viewResolver'
09:54:01,579 DEBUG DefaultListableBeanFactory:430 - Creating instance of bean 'viewResolver'
09:54:01,579 DEBUG DefaultListableBeanFactory:504 - Eagerly caching bean 'viewResolver' to allow for resolving potential circular references
09:54:01,579 DEBUG DefaultListableBeanFactory:458 - Finished creating instance of bean 'viewResolver'
09:54:01,579 DEBUG DefaultListableBeanFactory:245 - Returning cached instance of singleton bean 'org.springframework.context.annotation.ConfigurationClassPostProcessor$ImportAwareBeanPostProcessor#0'
09:54:01,579 DEBUG XmlWebApplicationContext:845 - Unable to locate LifecycleProcessor with name 'lifecycleProcessor': using default [org.springframework.context.support.DefaultLifecycleProcessor@1ebba10]
09:54:01,579 DEBUG DefaultListableBeanFactory:245 - Returning cached instance of singleton bean 'lifecycleProcessor'
09:54:01,579 DEBUG DispatcherServlet:465 - Unable to locate MultipartResolver with name 'multipartResolver': no multipart request handling provided
09:54:01,579 DEBUG DefaultListableBeanFactory:430 - Creating instance of bean 'org.springframework.web.servlet.i18n.AcceptHeaderLocaleResolver'
09:54:01,579 DEBUG DefaultListableBeanFactory:458 - Finished creating instance of bean 'org.springframework.web.servlet.i18n.AcceptHeaderLocaleResolver'
09:54:01,579 DEBUG DispatcherServlet:487 - Unable to locate LocaleResolver with name 'localeResolver': using default [org.springframework.web.servlet.i18n.AcceptHeaderLocaleResolver@1743ff4]
09:54:01,579 DEBUG DefaultListableBeanFactory:430 - Creating instance of bean 'org.springframework.web.servlet.theme.FixedThemeResolver'
09:54:01,579 DEBUG DefaultListableBeanFactory:458 - Finished creating instance of bean 'org.springframework.web.servlet.theme.FixedThemeResolver'
09:54:01,579 DEBUG DispatcherServlet:509 - Unable to locate ThemeResolver with name 'themeResolver': using default [org.springframework.web.servlet.theme.FixedThemeResolver@e634bf]
09:54:01,579 DEBUG DefaultListableBeanFactory:245 - Returning cached instance of singleton bean 'org.springframework.web.servlet.mvc.method.annotation.RequestMappingHandlerMapping#0'
09:54:01,579 DEBUG DefaultListableBeanFactory:245 - Returning cached instance of singleton bean 'org.springframework.web.servlet.handler.BeanNameUrlHandlerMapping'
09:54:01,579 DEBUG DefaultListableBeanFactory:245 - Returning cached instance of singleton bean 'org.springframework.web.servlet.handler.SimpleUrlHandlerMapping#0'
09:54:01,579 DEBUG DefaultListableBeanFactory:245 - Returning cached instance of singleton bean 'org.springframework.web.servlet.handler.SimpleUrlHandlerMapping#1'
09:54:01,579 DEBUG DefaultListableBeanFactory:245 - Returning cached instance of singleton bean 'org.springframework.web.servlet.handler.SimpleUrlHandlerMapping#2'
09:54:01,594 DEBUG DefaultListableBeanFactory:245 - Returning cached instance of singleton bean 'org.springframework.web.servlet.mvc.method.annotation.RequestMappingHandlerAdapter#0'
09:54:01,594 DEBUG DefaultListableBeanFactory:245 - Returning cached instance of singleton bean 'org.springframework.web.servlet.mvc.HttpRequestHandlerAdapter'
09:54:01,594 DEBUG DefaultListableBeanFactory:245 - Returning cached instance of singleton bean 'org.springframework.web.servlet.mvc.SimpleControllerHandlerAdapter'
09:54:01,594 DEBUG DefaultListableBeanFactory:245 - Returning cached instance of singleton bean 'org.springframework.web.servlet.mvc.method.annotation.ExceptionHandlerExceptionResolver#0'
09:54:01,594 DEBUG DefaultListableBeanFactory:245 - Returning cached instance of singleton bean 'org.springframework.web.servlet.mvc.annotation.ResponseStatusExceptionResolver#0'
09:54:01,594 DEBUG DefaultListableBeanFactory:245 - Returning cached instance of singleton bean 'org.springframework.web.servlet.mvc.support.DefaultHandlerExceptionResolver#0'
09:54:01,594 DEBUG DefaultListableBeanFactory:245 - Returning cached instance of singleton bean 'exceptionResolver'
09:54:01,594 DEBUG DefaultListableBeanFactory:430 - Creating instance of bean 'org.springframework.web.servlet.view.DefaultRequestToViewNameTranslator'
09:54:01,594 DEBUG DefaultListableBeanFactory:458 - Finished creating instance of bean 'org.springframework.web.servlet.view.DefaultRequestToViewNameTranslator'
09:54:01,594 DEBUG DispatcherServlet:647 - Unable to locate RequestToViewNameTranslator with name 'viewNameTranslator': using default [org.springframework.web.servlet.view.DefaultRequestToViewNameTranslator@cb4138]
09:54:01,594 DEBUG DefaultListableBeanFactory:245 - Returning cached instance of singleton bean 'viewResolver'
09:54:01,594 DEBUG DefaultListableBeanFactory:430 - Creating instance of bean 'org.springframework.web.servlet.support.SessionFlashMapManager'
09:54:01,594 DEBUG DefaultListableBeanFactory:458 - Finished creating instance of bean 'org.springframework.web.servlet.support.SessionFlashMapManager'
09:54:01,594 DEBUG DispatcherServlet:709 - Unable to locate FlashMapManager with name 'flashMapManager': using default [org.springframework.web.servlet.support.SessionFlashMapManager@18feca1]
09:54:01,594 DEBUG DispatcherServlet:523 - Published WebApplicationContext of servlet 'dispatcher' as ServletContext attribute with name [org.springframework.web.servlet.FrameworkServlet.CONTEXT.dispatcher]
09:54:01,594  INFO DispatcherServlet:463 - FrameworkServlet 'dispatcher': initialization completed in 563 ms
09:54:01,594 DEBUG DispatcherServlet:136 - Servlet 'dispatcher' configured successfully
09:54:28,273 DEBUG DispatcherServlet:819 - DispatcherServlet with name 'dispatcher' processing GET request for [/EasyCMS/admin/assets/css/fonts/fontawesome-webfont.woff]
09:54:28,273 DEBUG RequestMappingHandlerMapping:213 - Looking up handler method for path /admin/assets/css/fonts/fontawesome-webfont.woff
09:54:28,273 DEBUG RequestMappingHandlerMapping:223 - Did not find handler method for [/admin/assets/css/fonts/fontawesome-webfont.woff]
09:54:28,273 DEBUG SimpleUrlHandlerMapping:169 - Matching patterns for request [/admin/assets/css/fonts/fontawesome-webfont.woff] are [/admin/assets/**]
09:54:28,273 DEBUG SimpleUrlHandlerMapping:193 - URI Template variables for request [/admin/assets/css/fonts/fontawesome-webfont.woff] are {}
09:54:28,290 DEBUG SimpleUrlHandlerMapping:124 - Mapping [/admin/assets/css/fonts/fontawesome-webfont.woff] to HandlerExecutionChain with handler [org.springframework.web.servlet.resource.ResourceHttpRequestHandler@1c280db] and 1 interceptor
09:54:28,290 DEBUG DispatcherServlet:902 - Last-Modified value for [/EasyCMS/admin/assets/css/fonts/fontawesome-webfont.woff] is: -1
09:54:28,290 DEBUG ResourceHttpRequestHandler:161 - Trying relative path [css/fonts/fontawesome-webfont.woff] against base location: ServletContext resource [/admin/assets/css]
09:54:28,290 DEBUG ResourceHttpRequestHandler:166 - Found matching resource: ServletContext resource [/admin/assets/css/fonts/fontawesome-webfont.woff]
09:54:28,290 DEBUG ResourceHttpRequestHandler:120 - Determined media type 'application/x-font-woff' for ServletContext resource [/admin/assets/css/fonts/fontawesome-webfont.woff]
09:54:28,290 DEBUG ResourceHttpRequestHandler:131 - Resource not modified - returning 304
09:54:28,290 DEBUG DispatcherServlet:957 - Null ModelAndView returned to DispatcherServlet with name 'dispatcher': assuming HandlerAdapter completed request handling
09:54:28,290 DEBUG DispatcherServlet:913 - Successfully completed request
09:54:28,290 DEBUG DefaultListableBeanFactory:245 - Returning cached instance of singleton bean 'sqlSessionFactory'
09:54:36,681 DEBUG DispatcherServlet:819 - DispatcherServlet with name 'dispatcher' processing POST request for [/EasyCMS/member/login.do]
09:54:36,681 DEBUG RequestMappingHandlerMapping:213 - Looking up handler method for path /member/login.do
09:54:36,681 DEBUG RequestMappingHandlerMapping:220 - Returning handler method [public java.lang.String com.easycms.controller.CmsUserController.login(javax.servlet.http.HttpServletRequest,org.springframework.ui.ModelMap,com.easycms.entity.CmsUser,java.lang.String)]
09:54:36,681 DEBUG DefaultListableBeanFactory:245 - Returning cached instance of singleton bean 'cmsUserController'
09:54:36,760 DEBUG SqlSessionUtils:46 - Creating a new SqlSession
09:54:36,760 DEBUG SqlSessionUtils:46 - SqlSession [org.apache.ibatis.session.defaults.DefaultSqlSession@178c581] was not registered for synchronization because synchronization is not active
09:54:36,792 DEBUG DataSourceUtils:110 - Fetching JDBC Connection from DataSource
09:54:36,807 DEBUG DriverManagerDataSource:162 - Creating new JDBC DriverManager Connection to [jdbc:mysql://localhost:3306/easycmsdb?useUnicode=true&characterEncoding=utf8]
09:54:36,807 DEBUG SpringManagedTransaction:46 - JDBC Connection [com.mysql.jdbc.JDBC4Connection@ca6d70] will not be managed by Spring
09:54:36,807 DEBUG findByName:46 - ooo Using Connection [com.mysql.jdbc.JDBC4Connection@ca6d70]
09:54:36,807 DEBUG findByName:46 - ==>  Preparing: select * from ec_user where username=? 
09:54:36,823 DEBUG findByName:46 - ==> Parameters: admin(String)
09:54:36,854 DEBUG SqlSessionUtils:46 - Closing non transactional SqlSession [org.apache.ibatis.session.defaults.DefaultSqlSession@178c581]
09:54:36,854 DEBUG DataSourceUtils:332 - Returning JDBC Connection to DataSource
09:54:36,870  INFO CmsUserController:121 - 登录密码：admin用户名：e10adc3949ba59abbe56e057f20f883e
09:54:36,870 DEBUG SqlSessionUtils:46 - Creating a new SqlSession
09:54:36,870 DEBUG SqlSessionUtils:46 - SqlSession [org.apache.ibatis.session.defaults.DefaultSqlSession@e09a07] was not registered for synchronization because synchronization is not active
09:54:36,870 DEBUG DataSourceUtils:110 - Fetching JDBC Connection from DataSource
09:54:36,870 DEBUG DriverManagerDataSource:162 - Creating new JDBC DriverManager Connection to [jdbc:mysql://localhost:3306/easycmsdb?useUnicode=true&characterEncoding=utf8]
09:54:36,870 DEBUG SpringManagedTransaction:46 - JDBC Connection [com.mysql.jdbc.JDBC4Connection@1135d34] will not be managed by Spring
09:54:36,870 DEBUG add:46 - ooo Using Connection [com.mysql.jdbc.JDBC4Connection@1135d34]
09:54:36,870 DEBUG add:46 - ==>  Preparing: insert into ec_log (category,time,ip,url,title,content,username) values(?,?,?,?,?,?,?) 
09:54:36,870 DEBUG add:46 - ==> Parameters: 1(Integer), 2013-10-16 09:54:36.87(Timestamp), 127.0.0.1(String), null, 登录成功！(String), null, admin(String)
09:54:36,885 DEBUG SqlSessionUtils:46 - Closing non transactional SqlSession [org.apache.ibatis.session.defaults.DefaultSqlSession@e09a07]
09:54:36,885 DEBUG DataSourceUtils:332 - Returning JDBC Connection to DataSource
09:54:36,901 DEBUG DefaultListableBeanFactory:1498 - Invoking afterPropertiesSet() on bean with name 'index'
09:54:36,901 DEBUG DispatcherServlet:1178 - Rendering view [org.springframework.web.servlet.view.JstlView: name 'index'; URL [/admin/pages/index.jsp]] in DispatcherServlet with name 'dispatcher'
09:54:36,901 DEBUG JstlView:371 - Added model object 'cmsUser' of type [com.easycms.entity.CmsUser] to request in view with name 'index'
09:54:36,901 DEBUG JstlView:371 - Added model object 'org.springframework.validation.BindingResult.cmsUser' of type [org.springframework.validation.BeanPropertyBindingResult] to request in view with name 'index'
09:54:36,901 DEBUG JstlView:236 - Forwarding to resource [/admin/pages/index.jsp] in InternalResourceView 'index'
09:54:36,948 DEBUG DispatcherServlet:913 - Successfully completed request
09:54:37,104 DEBUG DispatcherServlet:819 - DispatcherServlet with name 'dispatcher' processing GET request for [/EasyCMS/admin/assets/css/easyui.css]
09:54:37,104 DEBUG RequestMappingHandlerMapping:213 - Looking up handler method for path /admin/assets/css/easyui.css
09:54:37,104 DEBUG RequestMappingHandlerMapping:223 - Did not find handler method for [/admin/assets/css/easyui.css]
09:54:37,104 DEBUG SimpleUrlHandlerMapping:169 - Matching patterns for request [/admin/assets/css/easyui.css] are [/admin/assets/**]
09:54:37,104 DEBUG SimpleUrlHandlerMapping:193 - URI Template variables for request [/admin/assets/css/easyui.css] are {}
09:54:37,104 DEBUG SimpleUrlHandlerMapping:124 - Mapping [/admin/assets/css/easyui.css] to HandlerExecutionChain with handler [org.springframework.web.servlet.resource.ResourceHttpRequestHandler@1c280db] and 1 interceptor
09:54:37,104 DEBUG DispatcherServlet:902 - Last-Modified value for [/EasyCMS/admin/assets/css/easyui.css] is: -1
09:54:37,104 DEBUG ResourceHttpRequestHandler:161 - Trying relative path [css/easyui.css] against base location: ServletContext resource [/admin/assets/css]
09:54:37,104 DEBUG ResourceHttpRequestHandler:166 - Found matching resource: ServletContext resource [/admin/assets/css/easyui.css]
09:54:37,104 DEBUG ResourceHttpRequestHandler:120 - Determined media type 'text/css' for ServletContext resource [/admin/assets/css/easyui.css]
09:54:37,120 DEBUG DispatcherServlet:957 - Null ModelAndView returned to DispatcherServlet with name 'dispatcher': assuming HandlerAdapter completed request handling
09:54:37,120 DEBUG DispatcherServlet:913 - Successfully completed request
09:54:39,526 DEBUG DispatcherServlet:819 - DispatcherServlet with name 'dispatcher' processing GET request for [/EasyCMS/admin/assets/images/easyui/messager_icons2.png]
09:54:39,526 DEBUG RequestMappingHandlerMapping:213 - Looking up handler method for path /admin/assets/images/easyui/messager_icons2.png
09:54:39,526 DEBUG RequestMappingHandlerMapping:223 - Did not find handler method for [/admin/assets/images/easyui/messager_icons2.png]
09:54:39,526 DEBUG SimpleUrlHandlerMapping:169 - Matching patterns for request [/admin/assets/images/easyui/messager_icons2.png] are [/admin/assets/**]
09:54:39,526 DEBUG SimpleUrlHandlerMapping:193 - URI Template variables for request [/admin/assets/images/easyui/messager_icons2.png] are {}
09:54:39,542 DEBUG SimpleUrlHandlerMapping:124 - Mapping [/admin/assets/images/easyui/messager_icons2.png] to HandlerExecutionChain with handler [org.springframework.web.servlet.resource.ResourceHttpRequestHandler@1c280db] and 1 interceptor
09:54:39,543 DEBUG DispatcherServlet:902 - Last-Modified value for [/EasyCMS/admin/assets/images/easyui/messager_icons2.png] is: -1
09:54:39,543 DEBUG ResourceHttpRequestHandler:161 - Trying relative path [images/easyui/messager_icons2.png] against base location: ServletContext resource [/admin/assets/css]
09:54:39,543 DEBUG ResourceHttpRequestHandler:166 - Found matching resource: ServletContext resource [/admin/assets/images/easyui/messager_icons2.png]
09:54:39,543 DEBUG ResourceHttpRequestHandler:120 - Determined media type 'image/png' for ServletContext resource [/admin/assets/images/easyui/messager_icons2.png]
09:54:39,543 DEBUG DispatcherServlet:957 - Null ModelAndView returned to DispatcherServlet with name 'dispatcher': assuming HandlerAdapter completed request handling
09:54:39,543 DEBUG DispatcherServlet:913 - Successfully completed request
09:54:39,558 DEBUG DispatcherServlet:819 - DispatcherServlet with name 'dispatcher' processing GET request for [/EasyCMS/admin/assets/images/easyui/title_dot.png]
09:54:39,558 DEBUG RequestMappingHandlerMapping:213 - Looking up handler method for path /admin/assets/images/easyui/title_dot.png
09:54:39,558 DEBUG RequestMappingHandlerMapping:223 - Did not find handler method for [/admin/assets/images/easyui/title_dot.png]
09:54:39,558 DEBUG SimpleUrlHandlerMapping:169 - Matching patterns for request [/admin/assets/images/easyui/title_dot.png] are [/admin/assets/**]
09:54:39,558 DEBUG SimpleUrlHandlerMapping:193 - URI Template variables for request [/admin/assets/images/easyui/title_dot.png] are {}
09:54:39,558 DEBUG SimpleUrlHandlerMapping:124 - Mapping [/admin/assets/images/easyui/title_dot.png] to HandlerExecutionChain with handler [org.springframework.web.servlet.resource.ResourceHttpRequestHandler@1c280db] and 1 interceptor
09:54:39,558 DEBUG DispatcherServlet:902 - Last-Modified value for [/EasyCMS/admin/assets/images/easyui/title_dot.png] is: -1
09:54:39,558 DEBUG ResourceHttpRequestHandler:161 - Trying relative path [images/easyui/title_dot.png] against base location: ServletContext resource [/admin/assets/css]
09:54:39,558 DEBUG ResourceHttpRequestHandler:166 - Found matching resource: ServletContext resource [/admin/assets/images/easyui/title_dot.png]
09:54:39,558 DEBUG ResourceHttpRequestHandler:120 - Determined media type 'image/png' for ServletContext resource [/admin/assets/images/easyui/title_dot.png]
09:54:39,558 DEBUG DispatcherServlet:957 - Null ModelAndView returned to DispatcherServlet with name 'dispatcher': assuming HandlerAdapter completed request handling
09:54:39,558 DEBUG DispatcherServlet:913 - Successfully completed request
09:55:19,968 DEBUG DispatcherServlet:819 - DispatcherServlet with name 'dispatcher' processing GET request for [/EasyCMS/member/v_list.do]
09:55:19,968 DEBUG RequestMappingHandlerMapping:213 - Looking up handler method for path /member/v_list.do
09:55:19,968 DEBUG RequestMappingHandlerMapping:220 - Returning handler method [public java.lang.String com.easycms.controller.CmsUserController.list(javax.servlet.http.HttpServletRequest,org.springframework.ui.ModelMap)]
09:55:19,968 DEBUG DefaultListableBeanFactory:245 - Returning cached instance of singleton bean 'cmsUserController'
09:55:19,968 DEBUG DispatcherServlet:902 - Last-Modified value for [/EasyCMS/member/v_list.do] is: -1
09:55:19,983 DEBUG SqlSessionUtils:46 - Creating a new SqlSession
09:55:19,984 DEBUG SqlSessionUtils:46 - SqlSession [org.apache.ibatis.session.defaults.DefaultSqlSession@615dc4] was not registered for synchronization because synchronization is not active
09:55:19,984 DEBUG DataSourceUtils:110 - Fetching JDBC Connection from DataSource
09:55:19,984 DEBUG DriverManagerDataSource:162 - Creating new JDBC DriverManager Connection to [jdbc:mysql://localhost:3306/easycmsdb?useUnicode=true&characterEncoding=utf8]
09:55:19,984 DEBUG SpringManagedTransaction:46 - JDBC Connection [com.mysql.jdbc.JDBC4Connection@e426a3] will not be managed by Spring
09:55:19,984 DEBUG findByPage:46 - ooo Using Connection [com.mysql.jdbc.JDBC4Connection@e426a3]
09:55:19,984 DEBUG findByPage:46 - ==>  Preparing: select u.id, u.group_id, u.username, u.password, u.email, g.name from ec_user u, ec_group g where u.group_id=g.id order by id desc limit ?,? 
09:55:19,984 DEBUG findByPage:46 - ==> Parameters: 0(Integer), 10(Integer)
09:55:20,031 DEBUG SqlSessionUtils:46 - Closing non transactional SqlSession [org.apache.ibatis.session.defaults.DefaultSqlSession@615dc4]
09:55:20,031 DEBUG DataSourceUtils:332 - Returning JDBC Connection to DataSource
09:55:20,031 DEBUG SqlSessionUtils:46 - Creating a new SqlSession
09:55:20,031 DEBUG SqlSessionUtils:46 - SqlSession [org.apache.ibatis.session.defaults.DefaultSqlSession@17dd1d1] was not registered for synchronization because synchronization is not active
09:55:20,031 DEBUG DataSourceUtils:110 - Fetching JDBC Connection from DataSource
09:55:20,031 DEBUG DriverManagerDataSource:162 - Creating new JDBC DriverManager Connection to [jdbc:mysql://localhost:3306/easycmsdb?useUnicode=true&characterEncoding=utf8]
09:55:20,031 DEBUG SpringManagedTransaction:46 - JDBC Connection [com.mysql.jdbc.JDBC4Connection@1c2841d] will not be managed by Spring
09:55:20,031 DEBUG findTotal:46 - ooo Using Connection [com.mysql.jdbc.JDBC4Connection@1c2841d]
09:55:20,031 DEBUG findTotal:46 - ==>  Preparing: select count(*) from ec_user 
09:55:20,031 DEBUG findTotal:46 - ==> Parameters: 
09:55:20,031 DEBUG SqlSessionUtils:46 - Closing non transactional SqlSession [org.apache.ibatis.session.defaults.DefaultSqlSession@17dd1d1]
09:55:20,031 DEBUG DataSourceUtils:332 - Returning JDBC Connection to DataSource
09:55:20,031 DEBUG DefaultListableBeanFactory:1498 - Invoking afterPropertiesSet() on bean with name 'user/showUser'
09:55:20,031 DEBUG DispatcherServlet:1178 - Rendering view [org.springframework.web.servlet.view.JstlView: name 'user/showUser'; URL [/admin/pages/user/showUser.jsp]] in DispatcherServlet with name 'dispatcher'
09:55:20,031 DEBUG JstlView:371 - Added model object 'userPager' of type [com.easycms.common.Pager] to request in view with name 'user/showUser'
09:55:20,031 DEBUG JstlView:371 - Added model object 'org.springframework.validation.BindingResult.userPager' of type [org.springframework.validation.BeanPropertyBindingResult] to request in view with name 'user/showUser'
09:55:20,047 DEBUG JstlView:236 - Forwarding to resource [/admin/pages/user/showUser.jsp] in InternalResourceView 'user/showUser'
09:55:20,172 DEBUG DispatcherServlet:913 - Successfully completed request
09:55:21,344 DEBUG DispatcherServlet:819 - DispatcherServlet with name 'dispatcher' processing GET request for [/EasyCMS/member/v_add.do]
09:55:21,344 DEBUG RequestMappingHandlerMapping:213 - Looking up handler method for path /member/v_add.do
09:55:21,344 DEBUG RequestMappingHandlerMapping:220 - Returning handler method [public java.lang.String com.easycms.controller.CmsUserController.showAdd(javax.servlet.http.HttpServletRequest,org.springframework.ui.ModelMap)]
09:55:21,344 DEBUG DefaultListableBeanFactory:245 - Returning cached instance of singleton bean 'cmsUserController'
09:55:21,344 DEBUG DispatcherServlet:902 - Last-Modified value for [/EasyCMS/member/v_add.do] is: -1
09:55:21,359 DEBUG SqlSessionUtils:46 - Creating a new SqlSession
09:55:21,359 DEBUG SqlSessionUtils:46 - SqlSession [org.apache.ibatis.session.defaults.DefaultSqlSession@43b89d] was not registered for synchronization because synchronization is not active
09:55:21,359 DEBUG DataSourceUtils:110 - Fetching JDBC Connection from DataSource
09:55:21,359 DEBUG DriverManagerDataSource:162 - Creating new JDBC DriverManager Connection to [jdbc:mysql://localhost:3306/easycmsdb?useUnicode=true&characterEncoding=utf8]
09:55:21,360 DEBUG SpringManagedTransaction:46 - JDBC Connection [com.mysql.jdbc.JDBC4Connection@c126b3] will not be managed by Spring
09:55:21,360 DEBUG findAll:46 - ooo Using Connection [com.mysql.jdbc.JDBC4Connection@c126b3]
09:55:21,360 DEBUG findAll:46 - ==>  Preparing: select * from ec_group order by priority asc 
09:55:21,360 DEBUG findAll:46 - ==> Parameters: 
09:55:21,360 DEBUG SqlSessionUtils:46 - Closing non transactional SqlSession [org.apache.ibatis.session.defaults.DefaultSqlSession@43b89d]
09:55:21,360 DEBUG DataSourceUtils:332 - Returning JDBC Connection to DataSource
09:55:21,360 DEBUG DefaultListableBeanFactory:1498 - Invoking afterPropertiesSet() on bean with name 'user/showAddUser'
09:55:21,360 DEBUG DispatcherServlet:1178 - Rendering view [org.springframework.web.servlet.view.JstlView: name 'user/showAddUser'; URL [/admin/pages/user/showAddUser.jsp]] in DispatcherServlet with name 'dispatcher'
09:55:21,360 DEBUG JstlView:371 - Added model object 'groups' of type [java.util.ArrayList] to request in view with name 'user/showAddUser'
09:55:21,360 DEBUG JstlView:236 - Forwarding to resource [/admin/pages/user/showAddUser.jsp] in InternalResourceView 'user/showAddUser'
09:55:21,392 DEBUG DispatcherServlet:913 - Successfully completed request
